{"/Users/thivankas/Desktop/JS/Exercise/Notes/Frontend/src/App.jsx": {"path":"/Users/thivankas/Desktop/JS/Exercise/Notes/Frontend/src/App.jsx","statementMap":{"0":{"start":{"line":12,"column":12},"end":{"line":171,"column":1}},"1":{"start":{"line":14,"column":22},"end":{"line":14,"column":30}},"2":{"start":{"line":16,"column":29},"end":{"line":16,"column":43}},"3":{"start":{"line":17,"column":34},"end":{"line":17,"column":49}},"4":{"start":{"line":18,"column":43},"end":{"line":18,"column":57}},"5":{"start":{"line":19,"column":35},"end":{"line":19,"column":47}},"6":{"start":{"line":20,"column":35},"end":{"line":20,"column":47}},"7":{"start":{"line":21,"column":27},"end":{"line":21,"column":41}},"8":{"start":{"line":22,"column":43},"end":{"line":22,"column":58}},"9":{"start":{"line":24,"column":2},"end":{"line":28,"column":7}},"10":{"start":{"line":25,"column":4},"end":{"line":27,"column":51}},"11":{"start":{"line":27,"column":28},"end":{"line":27,"column":50}},"12":{"start":{"line":30,"column":2},"end":{"line":37,"column":7}},"13":{"start":{"line":31,"column":27},"end":{"line":31,"column":75}},"14":{"start":{"line":32,"column":4},"end":{"line":36,"column":5}},"15":{"start":{"line":33,"column":19},"end":{"line":33,"column":45}},"16":{"start":{"line":34,"column":6},"end":{"line":34,"column":19}},"17":{"start":{"line":35,"column":6},"end":{"line":35,"column":38}},"18":{"start":{"line":39,"column":18},"end":{"line":46,"column":3}},"19":{"start":{"line":40,"column":4},"end":{"line":40,"column":42}},"20":{"start":{"line":41,"column":4},"end":{"line":45,"column":8}},"21":{"start":{"line":44,"column":8},"end":{"line":44,"column":44}},"22":{"start":{"line":48,"column":22},"end":{"line":63,"column":3}},"23":{"start":{"line":49,"column":4},"end":{"line":49,"column":26}},"24":{"start":{"line":50,"column":4},"end":{"line":62,"column":5}},"25":{"start":{"line":51,"column":19},"end":{"line":51,"column":67}},"26":{"start":{"line":52,"column":6},"end":{"line":52,"column":19}},"27":{"start":{"line":53,"column":6},"end":{"line":53,"column":38}},"28":{"start":{"line":54,"column":6},"end":{"line":54,"column":75}},"29":{"start":{"line":55,"column":6},"end":{"line":55,"column":21}},"30":{"start":{"line":56,"column":6},"end":{"line":56,"column":21}},"31":{"start":{"line":58,"column":6},"end":{"line":58,"column":52}},"32":{"start":{"line":59,"column":6},"end":{"line":61,"column":13}},"33":{"start":{"line":60,"column":8},"end":{"line":60,"column":29}},"34":{"start":{"line":65,"column":2},"end":{"line":67,"column":3}},"35":{"start":{"line":66,"column":4},"end":{"line":66,"column":15}},"36":{"start":{"line":69,"column":22},"end":{"line":69,"column":87}},"37":{"start":{"line":69,"column":63},"end":{"line":69,"column":86}},"38":{"start":{"line":71,"column":29},"end":{"line":90,"column":3}},"39":{"start":{"line":72,"column":17},"end":{"line":72,"column":45}},"40":{"start":{"line":72,"column":33},"end":{"line":72,"column":44}},"41":{"start":{"line":73,"column":24},"end":{"line":73,"column":62}},"42":{"start":{"line":75,"column":4},"end":{"line":88,"column":8}},"43":{"start":{"line":78,"column":8},"end":{"line":78,"column":73}},"44":{"start":{"line":78,"column":35},"end":{"line":78,"column":71}},"45":{"start":{"line":81,"column":8},"end":{"line":83,"column":9}},"46":{"start":{"line":84,"column":8},"end":{"line":86,"column":15}},"47":{"start":{"line":85,"column":10},"end":{"line":85,"column":31}},"48":{"start":{"line":87,"column":8},"end":{"line":87,"column":48}},"49":{"start":{"line":87,"column":35},"end":{"line":87,"column":46}},"50":{"start":{"line":93,"column":23},"end":{"line":106,"column":3}},"51":{"start":{"line":94,"column":4},"end":{"line":105,"column":5}},"52":{"start":{"line":95,"column":6},"end":{"line":95,"column":19}},"53":{"start":{"line":96,"column":6},"end":{"line":96,"column":38}},"54":{"start":{"line":97,"column":6},"end":{"line":97,"column":57}},"55":{"start":{"line":98,"column":6},"end":{"line":98,"column":21}},"56":{"start":{"line":99,"column":6},"end":{"line":99,"column":21}},"57":{"start":{"line":101,"column":6},"end":{"line":101,"column":51}},"58":{"start":{"line":102,"column":6},"end":{"line":104,"column":13}},"59":{"start":{"line":103,"column":8},"end":{"line":103,"column":29}},"60":{"start":{"line":108,"column":19},"end":{"line":112,"column":3}},"61":{"start":{"line":109,"column":4},"end":{"line":111,"column":16}},"62":{"start":{"line":114,"column":21},"end":{"line":118,"column":3}},"63":{"start":{"line":115,"column":4},"end":{"line":117,"column":10}},"64":{"start":{"line":116,"column":29},"end":{"line":116,"column":43}},"65":{"start":{"line":120,"column":20},"end":{"line":142,"column":3}},"66":{"start":{"line":121,"column":28},"end":{"line":121,"column":67}},"67":{"start":{"line":122,"column":28},"end":{"line":122,"column":67}},"68":{"start":{"line":123,"column":4},"end":{"line":141,"column":5}},"69":{"start":{"line":126,"column":33},"end":{"line":126,"column":54}},"70":{"start":{"line":135,"column":52},"end":{"line":135,"column":77}},"71":{"start":{"line":136,"column":52},"end":{"line":136,"column":77}},"72":{"start":{"line":144,"column":2},"end":{"line":170,"column":3}},"73":{"start":{"line":160,"column":33},"end":{"line":160,"column":53}},"74":{"start":{"line":165,"column":35},"end":{"line":165,"column":121}},"75":{"start":{"line":165,"column":91},"end":{"line":165,"column":118}}},"fnMap":{"0":{"name":"(anonymous_0)","decl":{"start":{"line":12,"column":12},"end":{"line":12,"column":13}},"loc":{"start":{"line":12,"column":23},"end":{"line":171,"column":1}},"line":12},"1":{"name":"(anonymous_1)","decl":{"start":{"line":24,"column":12},"end":{"line":24,"column":13}},"loc":{"start":{"line":24,"column":18},"end":{"line":28,"column":3}},"line":24},"2":{"name":"(anonymous_2)","decl":{"start":{"line":27,"column":12},"end":{"line":27,"column":13}},"loc":{"start":{"line":27,"column":28},"end":{"line":27,"column":50}},"line":27},"3":{"name":"(anonymous_3)","decl":{"start":{"line":30,"column":12},"end":{"line":30,"column":13}},"loc":{"start":{"line":30,"column":18},"end":{"line":37,"column":3}},"line":30},"4":{"name":"(anonymous_4)","decl":{"start":{"line":39,"column":18},"end":{"line":39,"column":19}},"loc":{"start":{"line":39,"column":34},"end":{"line":46,"column":3}},"line":39},"5":{"name":"(anonymous_5)","decl":{"start":{"line":43,"column":12},"end":{"line":43,"column":13}},"loc":{"start":{"line":43,"column":28},"end":{"line":45,"column":7}},"line":43},"6":{"name":"(anonymous_6)","decl":{"start":{"line":48,"column":22},"end":{"line":48,"column":23}},"loc":{"start":{"line":48,"column":39},"end":{"line":63,"column":3}},"line":48},"7":{"name":"(anonymous_7)","decl":{"start":{"line":59,"column":17},"end":{"line":59,"column":18}},"loc":{"start":{"line":59,"column":23},"end":{"line":61,"column":7}},"line":59},"8":{"name":"(anonymous_8)","decl":{"start":{"line":69,"column":53},"end":{"line":69,"column":54}},"loc":{"start":{"line":69,"column":63},"end":{"line":69,"column":86}},"line":69},"9":{"name":"(anonymous_9)","decl":{"start":{"line":71,"column":29},"end":{"line":71,"column":30}},"loc":{"start":{"line":71,"column":37},"end":{"line":90,"column":3}},"line":71},"10":{"name":"(anonymous_10)","decl":{"start":{"line":72,"column":28},"end":{"line":72,"column":29}},"loc":{"start":{"line":72,"column":33},"end":{"line":72,"column":44}},"line":72},"11":{"name":"(anonymous_11)","decl":{"start":{"line":77,"column":12},"end":{"line":77,"column":13}},"loc":{"start":{"line":77,"column":28},"end":{"line":79,"column":7}},"line":77},"12":{"name":"(anonymous_12)","decl":{"start":{"line":78,"column":27},"end":{"line":78,"column":28}},"loc":{"start":{"line":78,"column":35},"end":{"line":78,"column":71}},"line":78},"13":{"name":"(anonymous_13)","decl":{"start":{"line":80,"column":13},"end":{"line":80,"column":14}},"loc":{"start":{"line":80,"column":22},"end":{"line":88,"column":7}},"line":80},"14":{"name":"(anonymous_14)","decl":{"start":{"line":84,"column":19},"end":{"line":84,"column":20}},"loc":{"start":{"line":84,"column":25},"end":{"line":86,"column":9}},"line":84},"15":{"name":"(anonymous_15)","decl":{"start":{"line":87,"column":30},"end":{"line":87,"column":31}},"loc":{"start":{"line":87,"column":35},"end":{"line":87,"column":46}},"line":87},"16":{"name":"(anonymous_16)","decl":{"start":{"line":93,"column":23},"end":{"line":93,"column":24}},"loc":{"start":{"line":93,"column":40},"end":{"line":106,"column":3}},"line":93},"17":{"name":"(anonymous_17)","decl":{"start":{"line":102,"column":17},"end":{"line":102,"column":18}},"loc":{"start":{"line":102,"column":23},"end":{"line":104,"column":7}},"line":102},"18":{"name":"(anonymous_18)","decl":{"start":{"line":108,"column":19},"end":{"line":108,"column":20}},"loc":{"start":{"line":109,"column":4},"end":{"line":111,"column":16}},"line":109},"19":{"name":"(anonymous_19)","decl":{"start":{"line":114,"column":21},"end":{"line":114,"column":22}},"loc":{"start":{"line":115,"column":4},"end":{"line":117,"column":10}},"line":115},"20":{"name":"(anonymous_20)","decl":{"start":{"line":116,"column":23},"end":{"line":116,"column":24}},"loc":{"start":{"line":116,"column":29},"end":{"line":116,"column":43}},"line":116},"21":{"name":"(anonymous_21)","decl":{"start":{"line":120,"column":20},"end":{"line":120,"column":21}},"loc":{"start":{"line":120,"column":26},"end":{"line":142,"column":3}},"line":120},"22":{"name":"(anonymous_22)","decl":{"start":{"line":126,"column":27},"end":{"line":126,"column":28}},"loc":{"start":{"line":126,"column":33},"end":{"line":126,"column":54}},"line":126},"23":{"name":"(anonymous_23)","decl":{"start":{"line":135,"column":36},"end":{"line":135,"column":37}},"loc":{"start":{"line":135,"column":52},"end":{"line":135,"column":77}},"line":135},"24":{"name":"(anonymous_24)","decl":{"start":{"line":136,"column":36},"end":{"line":136,"column":37}},"loc":{"start":{"line":136,"column":52},"end":{"line":136,"column":77}},"line":136},"25":{"name":"(anonymous_25)","decl":{"start":{"line":160,"column":27},"end":{"line":160,"column":28}},"loc":{"start":{"line":160,"column":33},"end":{"line":160,"column":53}},"line":160},"26":{"name":"(anonymous_26)","decl":{"start":{"line":165,"column":27},"end":{"line":165,"column":28}},"loc":{"start":{"line":165,"column":35},"end":{"line":165,"column":121}},"line":165},"27":{"name":"(anonymous_27)","decl":{"start":{"line":165,"column":85},"end":{"line":165,"column":86}},"loc":{"start":{"line":165,"column":91},"end":{"line":165,"column":118}},"line":165}},"branchMap":{"0":{"loc":{"start":{"line":32,"column":4},"end":{"line":36,"column":5}},"type":"if","locations":[{"start":{"line":32,"column":4},"end":{"line":36,"column":5}},{"start":{},"end":{}}],"line":32},"1":{"loc":{"start":{"line":65,"column":2},"end":{"line":67,"column":3}},"type":"if","locations":[{"start":{"line":65,"column":2},"end":{"line":67,"column":3}},{"start":{},"end":{}}],"line":65},"2":{"loc":{"start":{"line":69,"column":22},"end":{"line":69,"column":87}},"type":"cond-expr","locations":[{"start":{"line":69,"column":32},"end":{"line":69,"column":37}},{"start":{"line":69,"column":40},"end":{"line":69,"column":87}}],"line":69},"3":{"loc":{"start":{"line":78,"column":35},"end":{"line":78,"column":71}},"type":"cond-expr","locations":[{"start":{"line":78,"column":52},"end":{"line":78,"column":56}},{"start":{"line":78,"column":59},"end":{"line":78,"column":71}}],"line":78},"4":{"loc":{"start":{"line":121,"column":39},"end":{"line":121,"column":65}},"type":"cond-expr","locations":[{"start":{"line":121,"column":54},"end":{"line":121,"column":60}},{"start":{"line":121,"column":63},"end":{"line":121,"column":65}}],"line":121},"5":{"loc":{"start":{"line":122,"column":39},"end":{"line":122,"column":65}},"type":"cond-expr","locations":[{"start":{"line":122,"column":54},"end":{"line":122,"column":56}},{"start":{"line":122,"column":59},"end":{"line":122,"column":65}}],"line":122},"6":{"loc":{"start":{"line":149,"column":7},"end":{"line":149,"column":26}},"type":"binary-expr","locations":[{"start":{"line":149,"column":7},"end":{"line":149,"column":12}},{"start":{"line":149,"column":15},"end":{"line":149,"column":26}}],"line":149},"7":{"loc":{"start":{"line":151,"column":7},"end":{"line":155,"column":12}},"type":"binary-expr","locations":[{"start":{"line":151,"column":7},"end":{"line":151,"column":11}},{"start":{"line":151,"column":15},"end":{"line":155,"column":12}}],"line":151},"8":{"loc":{"start":{"line":161,"column":20},"end":{"line":161,"column":49}},"type":"cond-expr","locations":[{"start":{"line":161,"column":30},"end":{"line":161,"column":41}},{"start":{"line":161,"column":44},"end":{"line":161,"column":49}}],"line":161}},"s":{"0":0,"1":0,"2":0,"3":0,"4":0,"5":0,"6":0,"7":0,"8":0,"9":0,"10":0,"11":0,"12":0,"13":0,"14":0,"15":0,"16":0,"17":0,"18":0,"19":0,"20":0,"21":0,"22":0,"23":0,"24":0,"25":0,"26":0,"27":0,"28":0,"29":0,"30":0,"31":0,"32":0,"33":0,"34":0,"35":0,"36":0,"37":0,"38":0,"39":0,"40":0,"41":0,"42":0,"43":0,"44":0,"45":0,"46":0,"47":0,"48":0,"49":0,"50":0,"51":0,"52":0,"53":0,"54":0,"55":0,"56":0,"57":0,"58":0,"59":0,"60":0,"61":0,"62":0,"63":0,"64":0,"65":0,"66":0,"67":0,"68":0,"69":0,"70":0,"71":0,"72":0,"73":0,"74":0,"75":0},"f":{"0":0,"1":0,"2":0,"3":0,"4":0,"5":0,"6":0,"7":0,"8":0,"9":0,"10":0,"11":0,"12":0,"13":0,"14":0,"15":0,"16":0,"17":0,"18":0,"19":0,"20":0,"21":0,"22":0,"23":0,"24":0,"25":0,"26":0,"27":0},"b":{"0":[0,0],"1":[0,0],"2":[0,0],"3":[0,0],"4":[0,0],"5":[0,0],"6":[0,0],"7":[0,0],"8":[0,0]}}
,"/Users/thivankas/Desktop/JS/Exercise/Notes/Frontend/src/main.jsx": {"path":"/Users/thivankas/Desktop/JS/Exercise/Notes/Frontend/src/main.jsx","statementMap":{"0":{"start":{"line":7,"column":0},"end":{"line":7,"column":69}}},"fnMap":{},"branchMap":{},"s":{"0":0},"f":{},"b":{}}
,"/Users/thivankas/Desktop/JS/Exercise/Notes/Frontend/src/components/Footer.jsx": {"path":"/Users/thivankas/Desktop/JS/Exercise/Notes/Frontend/src/components/Footer.jsx","statementMap":{"0":{"start":{"line":1,"column":15},"end":{"line":13,"column":1}},"1":{"start":{"line":2,"column":22},"end":{"line":6,"column":3}},"2":{"start":{"line":7,"column":2},"end":{"line":12,"column":3}}},"fnMap":{"0":{"name":"(anonymous_0)","decl":{"start":{"line":1,"column":15},"end":{"line":1,"column":16}},"loc":{"start":{"line":1,"column":21},"end":{"line":13,"column":1}},"line":1}},"branchMap":{},"s":{"0":0,"1":0,"2":0},"f":{"0":0},"b":{}}
,"/Users/thivankas/Desktop/JS/Exercise/Notes/Frontend/src/components/LoginForm.jsx": {"path":"/Users/thivankas/Desktop/JS/Exercise/Notes/Frontend/src/components/LoginForm.jsx","statementMap":{"0":{"start":{"line":3,"column":18},"end":{"line":34,"column":4}},"1":{"start":{"line":11,"column":2},"end":{"line":34,"column":3}},"2":{"start":{"line":36,"column":0},"end":{"line":43,"column":1}}},"fnMap":{"0":{"name":"(anonymous_0)","decl":{"start":{"line":3,"column":18},"end":{"line":3,"column":19}},"loc":{"start":{"line":10,"column":6},"end":{"line":34,"column":4}},"line":10}},"branchMap":{},"s":{"0":0,"1":0,"2":0},"f":{"0":0},"b":{}}
,"/Users/thivankas/Desktop/JS/Exercise/Notes/Frontend/src/components/Note.jsx": {"path":"/Users/thivankas/Desktop/JS/Exercise/Notes/Frontend/src/components/Note.jsx","statementMap":{"0":{"start":{"line":1,"column":13},"end":{"line":12,"column":1}},"1":{"start":{"line":2,"column":16},"end":{"line":4,"column":22}},"2":{"start":{"line":6,"column":2},"end":{"line":11,"column":3}}},"fnMap":{"0":{"name":"(anonymous_0)","decl":{"start":{"line":1,"column":13},"end":{"line":1,"column":14}},"loc":{"start":{"line":1,"column":44},"end":{"line":12,"column":1}},"line":1}},"branchMap":{"0":{"loc":{"start":{"line":2,"column":16},"end":{"line":4,"column":22}},"type":"cond-expr","locations":[{"start":{"line":3,"column":6},"end":{"line":3,"column":26}},{"start":{"line":4,"column":6},"end":{"line":4,"column":22}}],"line":2}},"s":{"0":1,"1":2,"2":2},"f":{"0":2},"b":{"0":[2,0]},"_coverageSchema":"1a1c01bbd47fc00a2c39e90264f33305004495a9","hash":"3cb67e58dfdc3f5bd4f5e5e72bf31ab600092407"}
,"/Users/thivankas/Desktop/JS/Exercise/Notes/Frontend/src/components/NoteForm.jsx": {"path":"/Users/thivankas/Desktop/JS/Exercise/Notes/Frontend/src/components/NoteForm.jsx","statementMap":{"0":{"start":{"line":3,"column":17},"end":{"line":28,"column":1}},"1":{"start":{"line":5,"column":32},"end":{"line":5,"column":44}},"2":{"start":{"line":7,"column":23},"end":{"line":9,"column":3}},"3":{"start":{"line":8,"column":4},"end":{"line":8,"column":34}},"4":{"start":{"line":11,"column":18},"end":{"line":18,"column":3}},"5":{"start":{"line":12,"column":4},"end":{"line":12,"column":26}},"6":{"start":{"line":13,"column":4},"end":{"line":16,"column":6}},"7":{"start":{"line":17,"column":4},"end":{"line":17,"column":18}},"8":{"start":{"line":19,"column":2},"end":{"line":27,"column":3}}},"fnMap":{"0":{"name":"(anonymous_0)","decl":{"start":{"line":3,"column":17},"end":{"line":3,"column":18}},"loc":{"start":{"line":3,"column":37},"end":{"line":28,"column":1}},"line":3},"1":{"name":"(anonymous_1)","decl":{"start":{"line":7,"column":23},"end":{"line":7,"column":24}},"loc":{"start":{"line":7,"column":34},"end":{"line":9,"column":3}},"line":7},"2":{"name":"(anonymous_2)","decl":{"start":{"line":11,"column":18},"end":{"line":11,"column":19}},"loc":{"start":{"line":11,"column":29},"end":{"line":18,"column":3}},"line":11}},"branchMap":{},"s":{"0":1,"1":19,"2":19,"3":17,"4":19,"5":1,"6":1,"7":1,"8":19},"f":{"0":19,"1":17,"2":1},"b":{},"_coverageSchema":"1a1c01bbd47fc00a2c39e90264f33305004495a9","hash":"2d2e7d8f22c75d26e9b07e161acc55a91f309d8a"}
,"/Users/thivankas/Desktop/JS/Exercise/Notes/Frontend/src/components/Notification.jsx": {"path":"/Users/thivankas/Desktop/JS/Exercise/Notes/Frontend/src/components/Notification.jsx","statementMap":{"0":{"start":{"line":1,"column":21},"end":{"line":10,"column":1}},"1":{"start":{"line":2,"column":2},"end":{"line":4,"column":3}},"2":{"start":{"line":3,"column":4},"end":{"line":3,"column":15}},"3":{"start":{"line":5,"column":2},"end":{"line":9,"column":3}}},"fnMap":{"0":{"name":"(anonymous_0)","decl":{"start":{"line":1,"column":21},"end":{"line":1,"column":22}},"loc":{"start":{"line":1,"column":38},"end":{"line":10,"column":1}},"line":1}},"branchMap":{"0":{"loc":{"start":{"line":2,"column":2},"end":{"line":4,"column":3}},"type":"if","locations":[{"start":{"line":2,"column":2},"end":{"line":4,"column":3}},{"start":{},"end":{}}],"line":2}},"s":{"0":0,"1":0,"2":0,"3":0},"f":{"0":0},"b":{"0":[0,0]}}
,"/Users/thivankas/Desktop/JS/Exercise/Notes/Frontend/src/components/Togglabale.jsx": {"path":"/Users/thivankas/Desktop/JS/Exercise/Notes/Frontend/src/components/Togglabale.jsx","statementMap":{"0":{"start":{"line":4,"column":18},"end":{"line":28,"column":2}},"1":{"start":{"line":5,"column":33},"end":{"line":5,"column":48}},"2":{"start":{"line":6,"column":26},"end":{"line":6,"column":61}},"3":{"start":{"line":7,"column":26},"end":{"line":7,"column":61}},"4":{"start":{"line":9,"column":27},"end":{"line":11,"column":3}},"5":{"start":{"line":10,"column":4},"end":{"line":10,"column":24}},"6":{"start":{"line":12,"column":2},"end":{"line":16,"column":4}},"7":{"start":{"line":13,"column":4},"end":{"line":15,"column":5}},"8":{"start":{"line":17,"column":2},"end":{"line":27,"column":3}},"9":{"start":{"line":30,"column":0},"end":{"line":32,"column":1}},"10":{"start":{"line":34,"column":0},"end":{"line":34,"column":35}}},"fnMap":{"0":{"name":"(anonymous_0)","decl":{"start":{"line":4,"column":29},"end":{"line":4,"column":30}},"loc":{"start":{"line":4,"column":45},"end":{"line":28,"column":1}},"line":4},"1":{"name":"(anonymous_1)","decl":{"start":{"line":9,"column":27},"end":{"line":9,"column":28}},"loc":{"start":{"line":9,"column":33},"end":{"line":11,"column":3}},"line":9},"2":{"name":"(anonymous_2)","decl":{"start":{"line":12,"column":27},"end":{"line":12,"column":28}},"loc":{"start":{"line":12,"column":33},"end":{"line":16,"column":3}},"line":12}},"branchMap":{"0":{"loc":{"start":{"line":6,"column":38},"end":{"line":6,"column":59}},"type":"cond-expr","locations":[{"start":{"line":6,"column":48},"end":{"line":6,"column":54}},{"start":{"line":6,"column":57},"end":{"line":6,"column":59}}],"line":6},"1":{"loc":{"start":{"line":7,"column":38},"end":{"line":7,"column":59}},"type":"cond-expr","locations":[{"start":{"line":7,"column":48},"end":{"line":7,"column":50}},{"start":{"line":7,"column":53},"end":{"line":7,"column":59}}],"line":7}},"s":{"0":1,"1":7,"2":7,"3":7,"4":7,"5":3,"6":7,"7":0,"8":7,"9":1,"10":1},"f":{"0":7,"1":3,"2":0},"b":{"0":[2,5],"1":[2,5]},"_coverageSchema":"1a1c01bbd47fc00a2c39e90264f33305004495a9","hash":"ea3067514303eeb2dd0e261b831729fcf94920b0"}
,"/Users/thivankas/Desktop/JS/Exercise/Notes/Frontend/src/services/login.js": {"path":"/Users/thivankas/Desktop/JS/Exercise/Notes/Frontend/src/services/login.js","statementMap":{"0":{"start":{"line":3,"column":16},"end":{"line":3,"column":28}},"1":{"start":{"line":5,"column":14},"end":{"line":8,"column":1}},"2":{"start":{"line":6,"column":19},"end":{"line":6,"column":56}},"3":{"start":{"line":7,"column":2},"end":{"line":7,"column":22}}},"fnMap":{"0":{"name":"(anonymous_0)","decl":{"start":{"line":5,"column":14},"end":{"line":5,"column":15}},"loc":{"start":{"line":5,"column":37},"end":{"line":8,"column":1}},"line":5}},"branchMap":{},"s":{"0":0,"1":0,"2":0,"3":0},"f":{"0":0},"b":{}}
,"/Users/thivankas/Desktop/JS/Exercise/Notes/Frontend/src/services/notes.js": {"path":"/Users/thivankas/Desktop/JS/Exercise/Notes/Frontend/src/services/notes.js","statementMap":{"0":{"start":{"line":2,"column":16},"end":{"line":2,"column":28}},"1":{"start":{"line":4,"column":12},"end":{"line":4,"column":16}},"2":{"start":{"line":6,"column":17},"end":{"line":8,"column":1}},"3":{"start":{"line":7,"column":2},"end":{"line":7,"column":30}},"4":{"start":{"line":10,"column":15},"end":{"line":13,"column":1}},"5":{"start":{"line":11,"column":18},"end":{"line":11,"column":36}},"6":{"start":{"line":12,"column":2},"end":{"line":12,"column":48}},"7":{"start":{"line":12,"column":34},"end":{"line":12,"column":47}},"8":{"start":{"line":15,"column":14},"end":{"line":21,"column":1}},"9":{"start":{"line":16,"column":17},"end":{"line":18,"column":3}},"10":{"start":{"line":19,"column":18},"end":{"line":19,"column":54}},"11":{"start":{"line":20,"column":2},"end":{"line":20,"column":48}},"12":{"start":{"line":20,"column":34},"end":{"line":20,"column":47}},"13":{"start":{"line":23,"column":15},"end":{"line":26,"column":1}},"14":{"start":{"line":24,"column":18},"end":{"line":24,"column":57}},"15":{"start":{"line":25,"column":2},"end":{"line":25,"column":48}},"16":{"start":{"line":25,"column":34},"end":{"line":25,"column":47}}},"fnMap":{"0":{"name":"(anonymous_0)","decl":{"start":{"line":6,"column":17},"end":{"line":6,"column":18}},"loc":{"start":{"line":6,"column":29},"end":{"line":8,"column":1}},"line":6},"1":{"name":"(anonymous_1)","decl":{"start":{"line":10,"column":15},"end":{"line":10,"column":16}},"loc":{"start":{"line":10,"column":21},"end":{"line":13,"column":1}},"line":10},"2":{"name":"(anonymous_2)","decl":{"start":{"line":12,"column":22},"end":{"line":12,"column":23}},"loc":{"start":{"line":12,"column":34},"end":{"line":12,"column":47}},"line":12},"3":{"name":"(anonymous_3)","decl":{"start":{"line":15,"column":14},"end":{"line":15,"column":15}},"loc":{"start":{"line":15,"column":29},"end":{"line":21,"column":1}},"line":15},"4":{"name":"(anonymous_4)","decl":{"start":{"line":20,"column":22},"end":{"line":20,"column":23}},"loc":{"start":{"line":20,"column":34},"end":{"line":20,"column":47}},"line":20},"5":{"name":"(anonymous_5)","decl":{"start":{"line":23,"column":15},"end":{"line":23,"column":16}},"loc":{"start":{"line":23,"column":33},"end":{"line":26,"column":1}},"line":23},"6":{"name":"(anonymous_6)","decl":{"start":{"line":25,"column":22},"end":{"line":25,"column":23}},"loc":{"start":{"line":25,"column":34},"end":{"line":25,"column":47}},"line":25}},"branchMap":{},"s":{"0":0,"1":0,"2":0,"3":0,"4":0,"5":0,"6":0,"7":0,"8":0,"9":0,"10":0,"11":0,"12":0,"13":0,"14":0,"15":0,"16":0},"f":{"0":0,"1":0,"2":0,"3":0,"4":0,"5":0,"6":0},"b":{}}
}
